<?xml version="1.0" encoding="UTF-8"?>
<!-- Generated by org.testng.reporters.JUnitReportReporter -->
<testsuite skipped="0" hostname="DESKTOP-GSE3O5J" name="test.SignUpTest" tests="1" failures="0" timestamp="04 Jun 2019 05:59:58 GMT" time="1.842" errors="0">
  <testcase name="signUpContentCheck" time="1.842" classname="test.SignUpTest"/>
</testsuite> <!-- test.SignUpTest -->
